D:\MODULES\SHELLSCRIPTING\DEBUG\GMSV_SHELLSCRIPTING_WIN32.DLL
D:\Modules\ShellScripting\Debug\gmsv_ShellScripting_win32.exp
D:\MODULES\SHELLSCRIPTING\DEBUG\GMSV_SHELLSCRIPTING_WIN32.ILK
D:\Modules\ShellScripting\Debug\gmsv_ShellScripting_win32.lib
D:\MODULES\SHELLSCRIPTING\DEBUG\GMSV_SHELLSCRIPTING_WIN32.PDB
D:\modules\ShellScripting\ShellScripting\Debug\cl.command.1.tlog
D:\modules\ShellScripting\ShellScripting\Debug\CL.read.1.tlog
D:\modules\ShellScripting\ShellScripting\Debug\CL.write.1.tlog
D:\MODULES\SHELLSCRIPTING\SHELLSCRIPTING\DEBUG\GMSV_SHELLSCRIPTING_WIN32.DLL.EMBED.MANIFEST
D:\MODULES\SHELLSCRIPTING\SHELLSCRIPTING\DEBUG\GMSV_SHELLSCRIPTING_WIN32.DLL.EMBED.MANIFEST.RES
D:\MODULES\SHELLSCRIPTING\SHELLSCRIPTING\DEBUG\GMSV_SHELLSCRIPTING_WIN32.DLL.INTERMEDIATE.MANIFEST
D:\modules\ShellScripting\ShellScripting\Debug\gmsv_ShellScripting_win32;gmcl_ShellScripting_win32.dll.embed.manifest
D:\modules\ShellScripting\ShellScripting\Debug\gmsv_ShellScripting_win32_manifest.rc
D:\modules\ShellScripting\ShellScripting\Debug\link.2936.read.1.tlog
D:\modules\ShellScripting\ShellScripting\Debug\link.2936.write.1.tlog
D:\modules\ShellScripting\ShellScripting\Debug\link.2936-cvtres.read.1.tlog
D:\modules\ShellScripting\ShellScripting\Debug\link.2936-cvtres.write.1.tlog
D:\modules\ShellScripting\ShellScripting\Debug\link.4032.read.1.tlog
D:\modules\ShellScripting\ShellScripting\Debug\link.4032.write.1.tlog
D:\modules\ShellScripting\ShellScripting\Debug\link.4032-cvtres.read.1.tlog
D:\modules\ShellScripting\ShellScripting\Debug\link.4032-cvtres.write.1.tlog
D:\modules\ShellScripting\ShellScripting\Debug\link.command.1.tlog
D:\modules\ShellScripting\ShellScripting\Debug\link.read.1.tlog
D:\modules\ShellScripting\ShellScripting\Debug\link.write.1.tlog
D:\modules\ShellScripting\ShellScripting\Debug\link-cvtres.read.1.tlog
D:\modules\ShellScripting\ShellScripting\Debug\link-cvtres.write.1.tlog
D:\MODULES\SHELLSCRIPTING\SHELLSCRIPTING\DEBUG\MAIN.OBJ
D:\modules\ShellScripting\ShellScripting\Debug\mt.command.1.tlog
D:\modules\ShellScripting\ShellScripting\Debug\mt.read.1.tlog
D:\modules\ShellScripting\ShellScripting\Debug\mt.write.1.tlog
D:\modules\ShellScripting\ShellScripting\Debug\rc.command.1.tlog
D:\modules\ShellScripting\ShellScripting\Debug\rc.read.1.tlog
D:\modules\ShellScripting\ShellScripting\Debug\rc.write.1.tlog
D:\modules\ShellScripting\ShellScripting\Debug\ShellScripting.vcxprojResolveAssemblyReference.cache
D:\modules\ShellScripting\ShellScripting\Debug\ShellScripting.write.1.tlog
D:\modules\ShellScripting\ShellScripting\Debug\vc100.idb
D:\MODULES\SHELLSCRIPTING\SHELLSCRIPTING\DEBUG\VC100.PDB
