Build started 23/05/2014 00:45:10.
     1>Project "D:\modules\ShellScripting\ShellScripting\ShellScripting.vcxproj" on node 2 (build target(s)).
     1>InitializeBuildStatus:
         Creating "Debug\ShellScripting.unsuccessfulbuild" because "AlwaysCreate" was specified.
       ClCompile:
         C:\Program Files (x86)\Microsoft Visual Studio 10.0\VC\bin\CL.exe /c /ID:\modules\ShellScripting\ShellScripting\Lua /ZI /nologo /W3 /WX- /Od /Oy- /D WIN32 /D _DEBUG /D _WINDOWS /D _USRDLL /D SHELLSCRIPTING_EXPORTS /D _WINDLL /D _MBCS /Gm /EHsc /RTC1 /MDd /GS /fp:precise /Zc:wchar_t /Zc:forScope /Fo"Debug\\" /Fd"Debug\vc100.pdb" /Gd /TP /analyze- /errorReport:prompt main.cpp
         main.cpp
       ManifestResourceCompile:
         All outputs are up-to-date.
       Link:
         C:\Program Files (x86)\Microsoft Visual Studio 10.0\VC\bin\link.exe /ERRORREPORT:PROMPT /OUT:"D:\Modules\ShellScripting\Debug\gmsv_ShellScripting_win32.dll" /INCREMENTAL /NOLOGO kernel32.lib user32.lib gdi32.lib winspool.lib comdlg32.lib advapi32.lib shell32.lib ole32.lib oleaut32.lib uuid.lib odbc32.lib odbccp32.lib /MANIFEST /ManifestFile:"Debug\gmsv_ShellScripting_win32.dll.intermediate.manifest" /MANIFESTUAC:"level='asInvoker' uiAccess='false'" /DEBUG /PDB:"D:\Modules\ShellScripting\Debug\gmsv_ShellScripting_win32.pdb" /SUBSYSTEM:WINDOWS /TLBID:1 /DYNAMICBASE /NXCOMPAT /IMPLIB:"D:\Modules\ShellScripting\Debug\gmsv_ShellScripting_win32.lib" /MACHINE:X86 /DLL Debug\gmsv_ShellScripting_win32.dll.embed.manifest.res
         Debug\main.obj
       Manifest:
         C:\Program Files (x86)\Microsoft SDKs\Windows\v7.0A\bin\mt.exe /nologo /verbose /out:"Debug\gmsv_ShellScripting_win32.dll.embed.manifest" /manifest Debug\gmsv_ShellScripting_win32.dll.intermediate.manifest
         All outputs are up-to-date.
       LinkEmbedManifest:
         All outputs are up-to-date.
         ShellScripting.vcxproj -> D:\Modules\ShellScripting\Debug\gmsv_ShellScripting_win32.dll
       FinalizeBuildStatus:
         Deleting file "Debug\ShellScripting.unsuccessfulbuild".
         Touching "Debug\ShellScripting.lastbuildstate".
     1>Done Building Project "D:\modules\ShellScripting\ShellScripting\ShellScripting.vcxproj" (build target(s)).

Build succeeded.

Time Elapsed 00:00:04.43
